[RUN] 20260101_193116
Output dir: /home/wenchen/test_cupy_numpy_scipy/results/eigensolve_wenchenrog_20260101_193116
Python: 3.13.11 | packaged by Anaconda, Inc. | (main, Dec 10 2025, 21:28:48) [GCC 14.3.0]
Platform: Linux-6.6.87.2-microsoft-standard-WSL2-x86_64-with-glibc2.39
CPU threads setting: 4 (None = default/max)

NumPy version: 2.3.5
SciPy version: 1.16.3

[NumPy show_config]
{
  "Compilers": {
    "c": {
      "name": "gcc",
      "linker": "ld.bfd",
      "version": "14.3.0",
      "commands": "/home/task_176397996305634/conda-bld/numpy_and_numpy_base_1763980680623/_build_env/bin/x86_64-conda-linux-gnu-cc",
      "args": "-march=nocona, -mtune=haswell, -ftree-vectorize, -fPIC, -fstack-protector-strong, -fno-plt, -O2, -ffunction-sections, -pipe, -isystem, /home/wenchen/Libraries/miniconda3/envs/mc-gpu/include, -fdebug-prefix-map=/home/task_176397996305634/conda-bld/numpy_and_numpy_base_1763980680623/work=/usr/local/src/conda/numpy-base-2.3.5, -fdebug-prefix-map=/home/wenchen/Libraries/miniconda3/envs/mc-gpu=/usr/local/src/conda-prefix, -DNDEBUG, -D_FORTIFY_SOURCE=2, -O2, -isystem, /home/wenchen/Libraries/miniconda3/envs/mc-gpu/include",
      "linker args": "-Wl,-O2, -Wl,--sort-common, -Wl,--as-needed, -Wl,-z,relro, -Wl,-z,now, -Wl,--disable-new-dtags, -Wl,--gc-sections, -Wl,-rpath,/home/wenchen/Libraries/miniconda3/envs/mc-gpu/lib, -Wl,-rpath-link,/home/wenchen/Libraries/miniconda3/envs/mc-gpu/lib, -L/home/wenchen/Libraries/miniconda3/envs/mc-gpu/lib, -march=nocona, -mtune=haswell, -ftree-vectorize, -fPIC, -fstack-protector-strong, -fno-plt, -O2, -ffunction-sections, -pipe, -isystem, /home/wenchen/Libraries/miniconda3/envs/mc-gpu/include, -fdebug-prefix-map=/home/task_176397996305634/conda-bld/numpy_and_numpy_base_1763980680623/work=/usr/local/src/conda/numpy-base-2.3.5, -fdebug-prefix-map=/home/wenchen/Libraries/miniconda3/envs/mc-gpu=/usr/local/src/conda-prefix, -DNDEBUG, -D_FORTIFY_SOURCE=2, -O2, -isystem, /home/wenchen/Libraries/miniconda3/envs/mc-gpu/include"
    },
    "cython": {
      "name": "cython",
      "linker": "cython",
      "version": "3.1.4",
      "commands": "cython"
    },
    "c++": {
      "name": "gcc",
      "linker": "ld.bfd",
      "version": "14.3.0",
      "commands": "/home/task_176397996305634/conda-bld/numpy_and_numpy_base_1763980680623/_build_env/bin/x86_64-conda-linux-gnu-c++",
      "args": "-fvisibility-inlines-hidden, -fmessage-length=0, -march=nocona, -mtune=haswell, -ftree-vectorize, -fPIC, -fstack-protector-strong, -fno-plt, -O2, -ffunction-sections, -pipe, -isystem, /home/wenchen/Libraries/miniconda3/envs/mc-gpu/include, -fdebug-prefix-map=/home/task_176397996305634/conda-bld/numpy_and_numpy_base_1763980680623/work=/usr/local/src/conda/numpy-base-2.3.5, -fdebug-prefix-map=/home/wenchen/Libraries/miniconda3/envs/mc-gpu=/usr/local/src/conda-prefix, -DNDEBUG, -D_FORTIFY_SOURCE=2, -O2, -isystem, /home/wenchen/Libraries/miniconda3/envs/mc-gpu/include",
      "linker args": "-Wl,-O2, -Wl,--sort-common, -Wl,--as-needed, -Wl,-z,relro, -Wl,-z,now, -Wl,--disable-new-dtags, -Wl,--gc-sections, -Wl,-rpath,/home/wenchen/Libraries/miniconda3/envs/mc-gpu/lib, -Wl,-rpath-link,/home/wenchen/Libraries/miniconda3/envs/mc-gpu/lib, -L/home/wenchen/Libraries/miniconda3/envs/mc-gpu/lib, -fvisibility-inlines-hidden, -fmessage-length=0, -march=nocona, -mtune=haswell, -ftree-vectorize, -fPIC, -fstack-protector-strong, -fno-plt, -O2, -ffunction-sections, -pipe, -isystem, /home/wenchen/Libraries/miniconda3/envs/mc-gpu/include, -fdebug-prefix-map=/home/task_176397996305634/conda-bld/numpy_and_numpy_base_1763980680623/work=/usr/local/src/conda/numpy-base-2.3.5, -fdebug-prefix-map=/home/wenchen/Libraries/miniconda3/envs/mc-gpu=/usr/local/src/conda-prefix, -DNDEBUG, -D_FORTIFY_SOURCE=2, -O2, -isystem, /home/wenchen/Libraries/miniconda3/envs/mc-gpu/include"
    }
  },
  "Machine Information": {
    "host": {
      "cpu": "x86_64",
      "family": "x86_64",
      "endian": "little",
      "system": "linux"
    },
    "build": {
      "cpu": "x86_64",
      "family": "x86_64",
      "endian": "little",
      "system": "linux"
    }
  },
  "Build Dependencies": {
    "blas": {
      "name": "mkl-sdl",
      "found": true,
      "version": "2025",
      "detection method": "pkgconfig",
      "include directory": "/home/wenchen/Libraries/miniconda3/envs/mc-gpu/include",
      "lib directory": "/home/wenchen/Libraries/miniconda3/envs/mc-gpu/lib",
      "openblas configuration": "unknown",
      "pc file directory": "/home/wenchen/Libraries/miniconda3/envs/mc-gpu/lib/pkgconfig"
    },
    "lapack": {
      "name": "mkl-sdl",
      "found": true,
      "version": "2025",
      "detection method": "pkgconfig",
      "include directory": "/home/wenchen/Libraries/miniconda3/envs/mc-gpu/include",
      "lib directory": "/home/wenchen/Libraries/miniconda3/envs/mc-gpu/lib",
      "openblas configuration": "unknown",
      "pc file directory": "/home/wenchen/Libraries/miniconda3/envs/mc-gpu/lib/pkgconfig"
    }
  },
  "Python Information": {
    "path": "/home/wenchen/Libraries/miniconda3/envs/mc-gpu/bin/python",
    "version": "3.13"
  },
  "SIMD Extensions": {
    "baseline": [
      "SSE",
      "SSE2",
      "SSE3"
    ],
    "found": [
      "SSSE3",
      "SSE41",
      "POPCNT",
      "SSE42",
      "AVX",
      "F16C",
      "FMA3",
      "AVX2"
    ],
    "not found": [
      "AVX512F",
      "AVX512CD",
      "AVX512_KNL",
      "AVX512_KNM",
      "AVX512_SKX",
      "AVX512_CLX",
      "AVX512_CNL",
      "AVX512_ICL",
      "AVX512_SPR"
    ]
  }
}

[GPU]
CuPy version: 13.6.0
GPU: NVIDIA GeForce RTX 4060, device_id=0
VRAM total: 8.00 GiB, free: 6.93 GiB
CUDA runtime version: 12040

========== real_symmetric_eigh_float32 ==========
dtype=<class 'numpy.float32'>, sizes=[256, 384, 512, 768, 1024, 1536, 2048]

-- N=256 --
CPU: median=0.004317 s, RSS_delta=None MiB, residual=1.363e-06
GPU: median=0.002045 s, pool_used=0.25 MiB, pool_total=3.75 MiB, residual=9.834e-07, speedup=2.11x

-- N=384 --
CPU: median=0.011516 s, RSS_delta=None MiB, residual=1.282e-06
GPU: median=0.003524 s, pool_used=0.56 MiB, pool_total=3.06 MiB, residual=1.058e-06, speedup=3.27x

-- N=512 --
CPU: median=0.022380 s, RSS_delta=None MiB, residual=1.327e-06
GPU: median=0.005236 s, pool_used=1.00 MiB, pool_total=10.50 MiB, residual=1.157e-06, speedup=4.27x

-- N=768 --
CPU: median=0.052830 s, RSS_delta=None MiB, residual=1.338e-06
GPU: median=0.009187 s, pool_used=2.25 MiB, pool_total=19.00 MiB, residual=1.421e-06, speedup=5.75x

-- N=1024 --
CPU: median=0.094136 s, RSS_delta=None MiB, residual=1.638e-06
GPU: median=0.014607 s, pool_used=4.00 MiB, pool_total=33.24 MiB, residual=1.504e-06, speedup=6.44x

-- N=1536 --
CPU: median=0.253067 s, RSS_delta=None MiB, residual=1.648e-06
GPU: median=0.031645 s, pool_used=9.01 MiB, pool_total=82.74 MiB, residual=1.465e-06, speedup=8.00x

-- N=2048 --
CPU: median=0.491907 s, RSS_delta=None MiB, residual=2.650e-06
GPU: median=0.054793 s, pool_used=16.01 MiB, pool_total=130.24 MiB, residual=1.813e-06, speedup=8.98x

========== real_symmetric_eigh_float64 ==========
dtype=<class 'numpy.float64'>, sizes=[256, 384, 512, 768, 1024, 1536]

-- N=256 --
CPU: median=0.003651 s, RSS_delta=None MiB, residual=3.346e-15
GPU: median=0.006429 s, pool_used=0.50 MiB, pool_total=0.00 MiB, residual=2.508e-15, speedup=0.57x

-- N=384 --
CPU: median=0.007376 s, RSS_delta=None MiB, residual=3.614e-15
GPU: median=0.010328 s, pool_used=1.13 MiB, pool_total=0.00 MiB, residual=2.721e-15, speedup=0.71x

-- N=512 --
CPU: median=0.014573 s, RSS_delta=None MiB, residual=4.034e-15
GPU: median=0.015896 s, pool_used=2.00 MiB, pool_total=0.00 MiB, residual=3.021e-15, speedup=0.92x

-- N=768 --
CPU: median=0.041945 s, RSS_delta=None MiB, residual=4.421e-15
GPU: median=0.031414 s, pool_used=4.51 MiB, pool_total=0.00 MiB, residual=3.431e-15, speedup=1.34x

-- N=1024 --
CPU: median=0.089128 s, RSS_delta=None MiB, residual=3.560e-15
GPU: median=0.054566 s, pool_used=8.01 MiB, pool_total=33.24 MiB, residual=3.769e-15, speedup=1.63x

-- N=1536 --
CPU: median=0.311754 s, RSS_delta=None MiB, residual=3.434e-15
GPU: median=0.131228 s, pool_used=18.01 MiB, pool_total=165.48 MiB, residual=4.394e-15, speedup=2.38x

========== complex_hermitian_eigh_complex64 ==========
dtype=<class 'numpy.complex64'>, sizes=[256, 384, 512, 768, 1024, 1536, 2048]

-- N=256 --
CPU: median=0.004110 s, RSS_delta=None MiB, residual=1.597e-06
GPU: median=0.001992 s, pool_used=0.50 MiB, pool_total=0.00 MiB, residual=1.308e-06, speedup=2.06x

-- N=384 --
CPU: median=0.012097 s, RSS_delta=None MiB, residual=1.514e-06
GPU: median=0.003332 s, pool_used=1.13 MiB, pool_total=0.00 MiB, residual=1.337e-06, speedup=3.63x

-- N=512 --
CPU: median=0.025008 s, RSS_delta=None MiB, residual=1.386e-06
GPU: median=0.005184 s, pool_used=2.00 MiB, pool_total=0.00 MiB, residual=1.383e-06, speedup=4.82x

-- N=768 --
CPU: median=0.058808 s, RSS_delta=None MiB, residual=1.539e-06
GPU: median=0.010184 s, pool_used=4.50 MiB, pool_total=19.00 MiB, residual=1.575e-06, speedup=5.77x

-- N=1024 --
CPU: median=0.138003 s, RSS_delta=None MiB, residual=1.548e-06
GPU: median=0.016864 s, pool_used=8.00 MiB, pool_total=66.49 MiB, residual=1.594e-06, speedup=8.18x

-- N=1536 --
CPU: median=0.382564 s, RSS_delta=None MiB, residual=1.754e-06
GPU: median=0.038376 s, pool_used=18.01 MiB, pool_total=165.48 MiB, residual=1.933e-06, speedup=9.97x

-- N=2048 --
CPU: median=0.737351 s, RSS_delta=None MiB, residual=2.423e-06
GPU: median=0.093455 s, pool_used=32.01 MiB, pool_total=260.47 MiB, residual=2.079e-06, speedup=7.89x

========== complex_hermitian_eigh_complex128 ==========
dtype=<class 'numpy.complex128'>, sizes=[256, 384, 512, 768, 1024, 1536]

-- N=256 --
CPU: median=0.005676 s, RSS_delta=None MiB, residual=3.685e-15
GPU: median=0.009359 s, pool_used=1.00 MiB, pool_total=0.00 MiB, residual=3.131e-15, speedup=0.61x

-- N=384 --
CPU: median=0.010048 s, RSS_delta=None MiB, residual=4.359e-15
GPU: median=0.016907 s, pool_used=2.25 MiB, pool_total=0.00 MiB, residual=3.440e-15, speedup=0.59x

-- N=512 --
CPU: median=0.018795 s, RSS_delta=None MiB, residual=4.094e-15
GPU: median=0.028448 s, pool_used=4.00 MiB, pool_total=0.00 MiB, residual=3.884e-15, speedup=0.66x

-- N=768 --
CPU: median=0.067827 s, RSS_delta=None MiB, residual=4.290e-15
GPU: median=0.065450 s, pool_used=9.01 MiB, pool_total=0.00 MiB, residual=4.474e-15, speedup=1.04x

-- N=1024 --
CPU: median=0.151459 s, RSS_delta=None MiB, residual=3.884e-15
GPU: median=0.127756 s, pool_used=16.01 MiB, pool_total=66.49 MiB, residual=4.943e-15, speedup=1.19x

-- N=1536 --
CPU: median=0.492316 s, RSS_delta=None MiB, residual=3.797e-15
GPU: median=0.366408 s, pool_used=36.01 MiB, pool_total=330.96 MiB, residual=5.817e-15, speedup=1.34x

========== complex_general_eig_complex64 ==========
dtype=<class 'numpy.complex64'>, sizes=[128, 192, 256, 384, 512, 768, 1024]

-- N=128 --
CPU: median=0.005439 s, RSS_delta=None MiB, residual=2.470e-06

-- N=192 --
CPU: median=0.011180 s, RSS_delta=None MiB, residual=3.010e-06

-- N=256 --
CPU: median=0.020064 s, RSS_delta=None MiB, residual=3.410e-06

-- N=384 --
CPU: median=0.038268 s, RSS_delta=None MiB, residual=3.903e-06

-- N=512 --
CPU: median=0.120459 s, RSS_delta=None MiB, residual=4.474e-06

-- N=768 --
CPU: median=0.282195 s, RSS_delta=None MiB, residual=5.037e-06

-- N=1024 --
CPU: median=0.514341 s, RSS_delta=None MiB, residual=5.374e-06

========== complex_general_eig_complex128 ==========
dtype=<class 'numpy.complex128'>, sizes=[128, 192, 256, 384, 512]

-- N=128 --
CPU: median=0.014961 s, RSS_delta=None MiB, residual=5.538e-15

-- N=192 --
CPU: median=0.030444 s, RSS_delta=None MiB, residual=7.098e-15

-- N=256 --
CPU: median=0.051942 s, RSS_delta=None MiB, residual=7.625e-15

-- N=384 --
CPU: median=0.101330 s, RSS_delta=None MiB, residual=8.643e-15

-- N=512 --
CPU: median=0.246572 s, RSS_delta=None MiB, residual=9.662e-15

Saved CSV: eigensolve_wenchenrog_20260101_193116.csv
Saved figures: *_time.pdf/png, *_gflops.pdf/png, *_memory.pdf/png, *_speedup.pdf/png (if GPU).
