[RUN] 20260101_182115
Output dir: /home/wenchen/test_cupy_numpy_scipy/results/gemm_wenchenrog_20260101_182115
Python: 3.13.11 | packaged by Anaconda, Inc. | (main, Dec 10 2025, 21:28:48) [GCC 14.3.0]
Platform: Linux-6.6.87.2-microsoft-standard-WSL2-x86_64-with-glibc2.39
CPU threads setting: 4 (None = default/max)

[NumPy config]
{
  "Compilers": {
    "c": {
      "name": "gcc",
      "linker": "ld.bfd",
      "version": "14.3.0",
      "commands": "/home/task_176397996305634/conda-bld/numpy_and_numpy_base_1763980680623/_build_env/bin/x86_64-conda-linux-gnu-cc",
      "args": "-march=nocona, -mtune=haswell, -ftree-vectorize, -fPIC, -fstack-protector-strong, -fno-plt, -O2, -ffunction-sections, -pipe, -isystem, /home/wenchen/Libraries/miniconda3/envs/mc-gpu/include, -fdebug-prefix-map=/home/task_176397996305634/conda-bld/numpy_and_numpy_base_1763980680623/work=/usr/local/src/conda/numpy-base-2.3.5, -fdebug-prefix-map=/home/wenchen/Libraries/miniconda3/envs/mc-gpu=/usr/local/src/conda-prefix, -DNDEBUG, -D_FORTIFY_SOURCE=2, -O2, -isystem, /home/wenchen/Libraries/miniconda3/envs/mc-gpu/include",
      "linker args": "-Wl,-O2, -Wl,--sort-common, -Wl,--as-needed, -Wl,-z,relro, -Wl,-z,now, -Wl,--disable-new-dtags, -Wl,--gc-sections, -Wl,-rpath,/home/wenchen/Libraries/miniconda3/envs/mc-gpu/lib, -Wl,-rpath-link,/home/wenchen/Libraries/miniconda3/envs/mc-gpu/lib, -L/home/wenchen/Libraries/miniconda3/envs/mc-gpu/lib, -march=nocona, -mtune=haswell, -ftree-vectorize, -fPIC, -fstack-protector-strong, -fno-plt, -O2, -ffunction-sections, -pipe, -isystem, /home/wenchen/Libraries/miniconda3/envs/mc-gpu/include, -fdebug-prefix-map=/home/task_176397996305634/conda-bld/numpy_and_numpy_base_1763980680623/work=/usr/local/src/conda/numpy-base-2.3.5, -fdebug-prefix-map=/home/wenchen/Libraries/miniconda3/envs/mc-gpu=/usr/local/src/conda-prefix, -DNDEBUG, -D_FORTIFY_SOURCE=2, -O2, -isystem, /home/wenchen/Libraries/miniconda3/envs/mc-gpu/include"
    },
    "cython": {
      "name": "cython",
      "linker": "cython",
      "version": "3.1.4",
      "commands": "cython"
    },
    "c++": {
      "name": "gcc",
      "linker": "ld.bfd",
      "version": "14.3.0",
      "commands": "/home/task_176397996305634/conda-bld/numpy_and_numpy_base_1763980680623/_build_env/bin/x86_64-conda-linux-gnu-c++",
      "args": "-fvisibility-inlines-hidden, -fmessage-length=0, -march=nocona, -mtune=haswell, -ftree-vectorize, -fPIC, -fstack-protector-strong, -fno-plt, -O2, -ffunction-sections, -pipe, -isystem, /home/wenchen/Libraries/miniconda3/envs/mc-gpu/include, -fdebug-prefix-map=/home/task_176397996305634/conda-bld/numpy_and_numpy_base_1763980680623/work=/usr/local/src/conda/numpy-base-2.3.5, -fdebug-prefix-map=/home/wenchen/Libraries/miniconda3/envs/mc-gpu=/usr/local/src/conda-prefix, -DNDEBUG, -D_FORTIFY_SOURCE=2, -O2, -isystem, /home/wenchen/Libraries/miniconda3/envs/mc-gpu/include",
      "linker args": "-Wl,-O2, -Wl,--sort-common, -Wl,--as-needed, -Wl,-z,relro, -Wl,-z,now, -Wl,--disable-new-dtags, -Wl,--gc-sections, -Wl,-rpath,/home/wenchen/Libraries/miniconda3/envs/mc-gpu/lib, -Wl,-rpath-link,/home/wenchen/Libraries/miniconda3/envs/mc-gpu/lib, -L/home/wenchen/Libraries/miniconda3/envs/mc-gpu/lib, -fvisibility-inlines-hidden, -fmessage-length=0, -march=nocona, -mtune=haswell, -ftree-vectorize, -fPIC, -fstack-protector-strong, -fno-plt, -O2, -ffunction-sections, -pipe, -isystem, /home/wenchen/Libraries/miniconda3/envs/mc-gpu/include, -fdebug-prefix-map=/home/task_176397996305634/conda-bld/numpy_and_numpy_base_1763980680623/work=/usr/local/src/conda/numpy-base-2.3.5, -fdebug-prefix-map=/home/wenchen/Libraries/miniconda3/envs/mc-gpu=/usr/local/src/conda-prefix, -DNDEBUG, -D_FORTIFY_SOURCE=2, -O2, -isystem, /home/wenchen/Libraries/miniconda3/envs/mc-gpu/include"
    }
  },
  "Machine Information": {
    "host": {
      "cpu": "x86_64",
      "family": "x86_64",
      "endian": "little",
      "system": "linux"
    },
    "build": {
      "cpu": "x86_64",
      "family": "x86_64",
      "endian": "little",
      "system": "linux"
    }
  },
  "Build Dependencies": {
    "blas": {
      "name": "mkl-sdl",
      "found": true,
      "version": "2025",
      "detection method": "pkgconfig",
      "include directory": "/home/wenchen/Libraries/miniconda3/envs/mc-gpu/include",
      "lib directory": "/home/wenchen/Libraries/miniconda3/envs/mc-gpu/lib",
      "openblas configuration": "unknown",
      "pc file directory": "/home/wenchen/Libraries/miniconda3/envs/mc-gpu/lib/pkgconfig"
    },
    "lapack": {
      "name": "mkl-sdl",
      "found": true,
      "version": "2025",
      "detection method": "pkgconfig",
      "include directory": "/home/wenchen/Libraries/miniconda3/envs/mc-gpu/include",
      "lib directory": "/home/wenchen/Libraries/miniconda3/envs/mc-gpu/lib",
      "openblas configuration": "unknown",
      "pc file directory": "/home/wenchen/Libraries/miniconda3/envs/mc-gpu/lib/pkgconfig"
    }
  },
  "Python Information": {
    "path": "/home/wenchen/Libraries/miniconda3/envs/mc-gpu/bin/python",
    "version": "3.13"
  },
  "SIMD Extensions": {
    "baseline": [
      "SSE",
      "SSE2",
      "SSE3"
    ],
    "found": [
      "SSSE3",
      "SSE41",
      "POPCNT",
      "SSE42",
      "AVX",
      "F16C",
      "FMA3",
      "AVX2"
    ],
    "not found": [
      "AVX512F",
      "AVX512CD",
      "AVX512_KNL",
      "AVX512_KNM",
      "AVX512_SKX",
      "AVX512_CLX",
      "AVX512_CNL",
      "AVX512_ICL",
      "AVX512_SPR"
    ]
  }
}

[CuPy]
CuPy version: 13.6.0
GPU: NVIDIA GeForce RTX 4060, device_id=0, total_mem=8.00 GiB
CUDA runtime: 12040
cuBLAS: (n/a)

========== FLOAT32 ==========

== GEMM N=256, dtype=float32 ==
NumPy:  median=0.000057 s,  GFLOP/s=590.97,  RSS_delta=None MiB,  theo=0.75 MiB
CuPy:   median=0.000011 s,  GFLOP/s=2978.91,  speedup=5.04x,  pool_used=0.75 MiB,  pool_total=0.75 MiB,  theo=0.75 MiB

== GEMM N=512, dtype=float32 ==
NumPy:  median=0.000416 s,  GFLOP/s=645.54,  RSS_delta=None MiB,  theo=3.00 MiB
CuPy:   median=0.000048 s,  GFLOP/s=5577.53,  speedup=8.64x,  pool_used=3.00 MiB,  pool_total=3.00 MiB,  theo=3.00 MiB

== GEMM N=1024, dtype=float32 ==
NumPy:  median=0.002951 s,  GFLOP/s=727.74,  RSS_delta=None MiB,  theo=12.00 MiB
CuPy:   median=0.000293 s,  GFLOP/s=7332.70,  speedup=10.08x,  pool_used=12.00 MiB,  pool_total=12.00 MiB,  theo=12.00 MiB

== GEMM N=1536, dtype=float32 ==
NumPy:  median=0.007546 s,  GFLOP/s=960.51,  RSS_delta=None MiB,  theo=27.00 MiB
CuPy:   median=0.000820 s,  GFLOP/s=8838.56,  speedup=9.20x,  pool_used=27.00 MiB,  pool_total=27.00 MiB,  theo=27.00 MiB

== GEMM N=2048, dtype=float32 ==
NumPy:  median=0.015964 s,  GFLOP/s=1076.14,  RSS_delta=None MiB,  theo=48.00 MiB
CuPy:   median=0.002064 s,  GFLOP/s=8322.42,  speedup=7.73x,  pool_used=48.00 MiB,  pool_total=48.00 MiB,  theo=48.00 MiB

== GEMM N=3072, dtype=float32 ==
NumPy:  median=0.060424 s,  GFLOP/s=959.59,  RSS_delta=None MiB,  theo=108.00 MiB
CuPy:   median=0.006944 s,  GFLOP/s=8350.26,  speedup=8.70x,  pool_used=108.00 MiB,  pool_total=108.00 MiB,  theo=108.00 MiB

== GEMM N=4096, dtype=float32 ==
NumPy:  median=0.169958 s,  GFLOP/s=808.66,  RSS_delta=None MiB,  theo=192.00 MiB
CuPy:   median=0.016723 s,  GFLOP/s=8218.59,  speedup=10.16x,  pool_used=192.00 MiB,  pool_total=192.00 MiB,  theo=192.00 MiB

== GEMM N=6144, dtype=float32 ==
NumPy:  median=0.484956 s,  GFLOP/s=956.49,  RSS_delta=None MiB,  theo=432.00 MiB
CuPy:   median=0.060309 s,  GFLOP/s=7691.34,  speedup=8.04x,  pool_used=432.00 MiB,  pool_total=432.00 MiB,  theo=432.00 MiB

== GEMM N=8192, dtype=float32 ==
NumPy:  median=1.564296 s,  GFLOP/s=702.88,  RSS_delta=None MiB,  theo=768.00 MiB
CuPy:   median=0.146434 s,  GFLOP/s=7508.59,  speedup=10.68x,  pool_used=768.00 MiB,  pool_total=768.00 MiB,  theo=768.00 MiB

========== FLOAT64 ==========

== GEMM N=256, dtype=float64 ==
NumPy:  median=0.000113 s,  GFLOP/s=295.76,  RSS_delta=None MiB,  theo=1.50 MiB
CuPy:   median=0.000229 s,  GFLOP/s=146.46,  speedup=0.50x,  pool_used=1.50 MiB,  pool_total=1.50 MiB,  theo=1.50 MiB

== GEMM N=512, dtype=float64 ==
NumPy:  median=0.000768 s,  GFLOP/s=349.35,  RSS_delta=None MiB,  theo=6.00 MiB
CuPy:   median=0.001300 s,  GFLOP/s=206.52,  speedup=0.59x,  pool_used=6.00 MiB,  pool_total=6.00 MiB,  theo=6.00 MiB

== GEMM N=1024, dtype=float64 ==
NumPy:  median=0.006013 s,  GFLOP/s=357.16,  RSS_delta=None MiB,  theo=24.00 MiB
CuPy:   median=0.009455 s,  GFLOP/s=227.13,  speedup=0.64x,  pool_used=24.00 MiB,  pool_total=24.00 MiB,  theo=24.00 MiB

== GEMM N=1536, dtype=float64 ==
NumPy:  median=0.015119 s,  GFLOP/s=479.37,  RSS_delta=None MiB,  theo=54.00 MiB
CuPy:   median=0.030941 s,  GFLOP/s=234.24,  speedup=0.49x,  pool_used=54.00 MiB,  pool_total=54.00 MiB,  theo=54.00 MiB

== GEMM N=2048, dtype=float64 ==
NumPy:  median=0.041083 s,  GFLOP/s=418.17,  RSS_delta=None MiB,  theo=96.00 MiB
CuPy:   median=0.075223 s,  GFLOP/s=228.39,  speedup=0.55x,  pool_used=96.00 MiB,  pool_total=96.00 MiB,  theo=96.00 MiB

== GEMM N=3072, dtype=float64 ==
NumPy:  median=0.123673 s,  GFLOP/s=468.83,  RSS_delta=None MiB,  theo=216.00 MiB
CuPy:   median=0.246142 s,  GFLOP/s=235.56,  speedup=0.50x,  pool_used=216.00 MiB,  pool_total=216.00 MiB,  theo=216.00 MiB

== GEMM N=4096, dtype=float64 ==
NumPy:  median=0.303880 s,  GFLOP/s=452.28,  RSS_delta=None MiB,  theo=384.00 MiB
CuPy:   median=0.584632 s,  GFLOP/s=235.09,  speedup=0.52x,  pool_used=384.00 MiB,  pool_total=384.00 MiB,  theo=384.00 MiB

== GEMM N=6144, dtype=float64 ==
NumPy:  median=1.403954 s,  GFLOP/s=330.39,  RSS_delta=None MiB,  theo=864.00 MiB
CuPy:   median=1.983192 s,  GFLOP/s=233.89,  speedup=0.71x,  pool_used=864.00 MiB,  pool_total=864.00 MiB,  theo=864.00 MiB

Saved CSV: gemm_wenchenrog_20260101_182115.csv
Saved figures: *_time.pdf/png, *_gflops.pdf/png, *_memory.pdf/png, (and *_speedup.* if GPU).
