[RUN] 20260101_190932
Output dir: /home/wenchen/test_cupy_numpy_scipy/results/gemm_wenchenrog_20260101_190932
Python: 3.13.11 | packaged by Anaconda, Inc. | (main, Dec 10 2025, 21:28:48) [GCC 14.3.0]
Platform: Linux-6.6.87.2-microsoft-standard-WSL2-x86_64-with-glibc2.39
CPU threads setting: 4 (None = default/max)

[NumPy config]
{
  "Compilers": {
    "c": {
      "name": "gcc",
      "linker": "ld.bfd",
      "version": "14.3.0",
      "commands": "/home/task_176397996305634/conda-bld/numpy_and_numpy_base_1763980680623/_build_env/bin/x86_64-conda-linux-gnu-cc",
      "args": "-march=nocona, -mtune=haswell, -ftree-vectorize, -fPIC, -fstack-protector-strong, -fno-plt, -O2, -ffunction-sections, -pipe, -isystem, /home/wenchen/Libraries/miniconda3/envs/mc-gpu/include, -fdebug-prefix-map=/home/task_176397996305634/conda-bld/numpy_and_numpy_base_1763980680623/work=/usr/local/src/conda/numpy-base-2.3.5, -fdebug-prefix-map=/home/wenchen/Libraries/miniconda3/envs/mc-gpu=/usr/local/src/conda-prefix, -DNDEBUG, -D_FORTIFY_SOURCE=2, -O2, -isystem, /home/wenchen/Libraries/miniconda3/envs/mc-gpu/include",
      "linker args": "-Wl,-O2, -Wl,--sort-common, -Wl,--as-needed, -Wl,-z,relro, -Wl,-z,now, -Wl,--disable-new-dtags, -Wl,--gc-sections, -Wl,-rpath,/home/wenchen/Libraries/miniconda3/envs/mc-gpu/lib, -Wl,-rpath-link,/home/wenchen/Libraries/miniconda3/envs/mc-gpu/lib, -L/home/wenchen/Libraries/miniconda3/envs/mc-gpu/lib, -march=nocona, -mtune=haswell, -ftree-vectorize, -fPIC, -fstack-protector-strong, -fno-plt, -O2, -ffunction-sections, -pipe, -isystem, /home/wenchen/Libraries/miniconda3/envs/mc-gpu/include, -fdebug-prefix-map=/home/task_176397996305634/conda-bld/numpy_and_numpy_base_1763980680623/work=/usr/local/src/conda/numpy-base-2.3.5, -fdebug-prefix-map=/home/wenchen/Libraries/miniconda3/envs/mc-gpu=/usr/local/src/conda-prefix, -DNDEBUG, -D_FORTIFY_SOURCE=2, -O2, -isystem, /home/wenchen/Libraries/miniconda3/envs/mc-gpu/include"
    },
    "cython": {
      "name": "cython",
      "linker": "cython",
      "version": "3.1.4",
      "commands": "cython"
    },
    "c++": {
      "name": "gcc",
      "linker": "ld.bfd",
      "version": "14.3.0",
      "commands": "/home/task_176397996305634/conda-bld/numpy_and_numpy_base_1763980680623/_build_env/bin/x86_64-conda-linux-gnu-c++",
      "args": "-fvisibility-inlines-hidden, -fmessage-length=0, -march=nocona, -mtune=haswell, -ftree-vectorize, -fPIC, -fstack-protector-strong, -fno-plt, -O2, -ffunction-sections, -pipe, -isystem, /home/wenchen/Libraries/miniconda3/envs/mc-gpu/include, -fdebug-prefix-map=/home/task_176397996305634/conda-bld/numpy_and_numpy_base_1763980680623/work=/usr/local/src/conda/numpy-base-2.3.5, -fdebug-prefix-map=/home/wenchen/Libraries/miniconda3/envs/mc-gpu=/usr/local/src/conda-prefix, -DNDEBUG, -D_FORTIFY_SOURCE=2, -O2, -isystem, /home/wenchen/Libraries/miniconda3/envs/mc-gpu/include",
      "linker args": "-Wl,-O2, -Wl,--sort-common, -Wl,--as-needed, -Wl,-z,relro, -Wl,-z,now, -Wl,--disable-new-dtags, -Wl,--gc-sections, -Wl,-rpath,/home/wenchen/Libraries/miniconda3/envs/mc-gpu/lib, -Wl,-rpath-link,/home/wenchen/Libraries/miniconda3/envs/mc-gpu/lib, -L/home/wenchen/Libraries/miniconda3/envs/mc-gpu/lib, -fvisibility-inlines-hidden, -fmessage-length=0, -march=nocona, -mtune=haswell, -ftree-vectorize, -fPIC, -fstack-protector-strong, -fno-plt, -O2, -ffunction-sections, -pipe, -isystem, /home/wenchen/Libraries/miniconda3/envs/mc-gpu/include, -fdebug-prefix-map=/home/task_176397996305634/conda-bld/numpy_and_numpy_base_1763980680623/work=/usr/local/src/conda/numpy-base-2.3.5, -fdebug-prefix-map=/home/wenchen/Libraries/miniconda3/envs/mc-gpu=/usr/local/src/conda-prefix, -DNDEBUG, -D_FORTIFY_SOURCE=2, -O2, -isystem, /home/wenchen/Libraries/miniconda3/envs/mc-gpu/include"
    }
  },
  "Machine Information": {
    "host": {
      "cpu": "x86_64",
      "family": "x86_64",
      "endian": "little",
      "system": "linux"
    },
    "build": {
      "cpu": "x86_64",
      "family": "x86_64",
      "endian": "little",
      "system": "linux"
    }
  },
  "Build Dependencies": {
    "blas": {
      "name": "mkl-sdl",
      "found": true,
      "version": "2025",
      "detection method": "pkgconfig",
      "include directory": "/home/wenchen/Libraries/miniconda3/envs/mc-gpu/include",
      "lib directory": "/home/wenchen/Libraries/miniconda3/envs/mc-gpu/lib",
      "openblas configuration": "unknown",
      "pc file directory": "/home/wenchen/Libraries/miniconda3/envs/mc-gpu/lib/pkgconfig"
    },
    "lapack": {
      "name": "mkl-sdl",
      "found": true,
      "version": "2025",
      "detection method": "pkgconfig",
      "include directory": "/home/wenchen/Libraries/miniconda3/envs/mc-gpu/include",
      "lib directory": "/home/wenchen/Libraries/miniconda3/envs/mc-gpu/lib",
      "openblas configuration": "unknown",
      "pc file directory": "/home/wenchen/Libraries/miniconda3/envs/mc-gpu/lib/pkgconfig"
    }
  },
  "Python Information": {
    "path": "/home/wenchen/Libraries/miniconda3/envs/mc-gpu/bin/python",
    "version": "3.13"
  },
  "SIMD Extensions": {
    "baseline": [
      "SSE",
      "SSE2",
      "SSE3"
    ],
    "found": [
      "SSSE3",
      "SSE41",
      "POPCNT",
      "SSE42",
      "AVX",
      "F16C",
      "FMA3",
      "AVX2"
    ],
    "not found": [
      "AVX512F",
      "AVX512CD",
      "AVX512_KNL",
      "AVX512_KNM",
      "AVX512_SKX",
      "AVX512_CLX",
      "AVX512_CNL",
      "AVX512_ICL",
      "AVX512_SPR"
    ]
  }
}

[CuPy]
CuPy version: 13.6.0
GPU: NVIDIA GeForce RTX 4060, device_id=0, total_mem=8.00 GiB
CUDA runtime: 12040
cuBLAS: (n/a)

========== FLOAT32 ==========

== GEMM N=256, dtype=float32 ==
NumPy:  median=0.000063 s,  GFLOP/s=533.48,  RSS_delta=None MiB,  theo=0.75 MiB
CuPy:   median=0.000037 s,  GFLOP/s=911.01,  speedup=1.71x,  pool_used=0.75 MiB,  pool_total=0.75 MiB,  theo=0.75 MiB

== GEMM N=512, dtype=float32 ==
NumPy:  median=0.000598 s,  GFLOP/s=448.64,  RSS_delta=None MiB,  theo=3.00 MiB
CuPy:   median=0.000071 s,  GFLOP/s=3799.19,  speedup=8.47x,  pool_used=3.00 MiB,  pool_total=3.00 MiB,  theo=3.00 MiB

== GEMM N=1024, dtype=float32 ==
NumPy:  median=0.003098 s,  GFLOP/s=693.22,  RSS_delta=None MiB,  theo=12.00 MiB
CuPy:   median=0.000271 s,  GFLOP/s=7913.31,  speedup=11.42x,  pool_used=12.00 MiB,  pool_total=12.00 MiB,  theo=12.00 MiB

== GEMM N=1536, dtype=float32 ==
NumPy:  median=0.010012 s,  GFLOP/s=723.89,  RSS_delta=None MiB,  theo=27.00 MiB
CuPy:   median=0.000852 s,  GFLOP/s=8507.08,  speedup=11.75x,  pool_used=27.00 MiB,  pool_total=27.00 MiB,  theo=27.00 MiB

== GEMM N=2048, dtype=float32 ==
NumPy:  median=0.023202 s,  GFLOP/s=740.45,  RSS_delta=None MiB,  theo=48.00 MiB
CuPy:   median=0.002065 s,  GFLOP/s=8318.94,  speedup=11.23x,  pool_used=48.00 MiB,  pool_total=48.00 MiB,  theo=48.00 MiB

== GEMM N=3072, dtype=float32 ==
NumPy:  median=0.058626 s,  GFLOP/s=989.02,  RSS_delta=None MiB,  theo=108.00 MiB
CuPy:   median=0.007707 s,  GFLOP/s=7523.17,  speedup=7.61x,  pool_used=108.00 MiB,  pool_total=108.00 MiB,  theo=108.00 MiB

== GEMM N=4096, dtype=float32 ==
NumPy:  median=0.178893 s,  GFLOP/s=768.27,  RSS_delta=None MiB,  theo=192.00 MiB
CuPy:   median=0.016770 s,  GFLOP/s=8195.50,  speedup=10.67x,  pool_used=192.00 MiB,  pool_total=192.00 MiB,  theo=192.00 MiB

== GEMM N=6144, dtype=float32 ==
NumPy:  median=0.667041 s,  GFLOP/s=695.39,  RSS_delta=None MiB,  theo=432.00 MiB
CuPy:   median=0.060451 s,  GFLOP/s=7673.24,  speedup=11.03x,  pool_used=432.00 MiB,  pool_total=432.00 MiB,  theo=432.00 MiB

== GEMM N=8192, dtype=float32 ==
NumPy:  median=1.619539 s,  GFLOP/s=678.90,  RSS_delta=None MiB,  theo=768.00 MiB
CuPy:   median=0.146940 s,  GFLOP/s=7482.70,  speedup=11.02x,  pool_used=768.00 MiB,  pool_total=768.00 MiB,  theo=768.00 MiB

========== FLOAT64 ==========

== GEMM N=256, dtype=float64 ==
NumPy:  median=0.000151 s,  GFLOP/s=221.98,  RSS_delta=None MiB,  theo=1.50 MiB
CuPy:   median=0.000243 s,  GFLOP/s=138.26,  speedup=0.62x,  pool_used=1.50 MiB,  pool_total=1.50 MiB,  theo=1.50 MiB

== GEMM N=512, dtype=float64 ==
NumPy:  median=0.000764 s,  GFLOP/s=351.32,  RSS_delta=None MiB,  theo=6.00 MiB
CuPy:   median=0.001375 s,  GFLOP/s=195.29,  speedup=0.56x,  pool_used=6.00 MiB,  pool_total=6.00 MiB,  theo=6.00 MiB

== GEMM N=1024, dtype=float64 ==
NumPy:  median=0.005951 s,  GFLOP/s=360.89,  RSS_delta=None MiB,  theo=24.00 MiB
CuPy:   median=0.009514 s,  GFLOP/s=225.73,  speedup=0.63x,  pool_used=24.00 MiB,  pool_total=24.00 MiB,  theo=24.00 MiB

== GEMM N=1536, dtype=float64 ==
NumPy:  median=0.018782 s,  GFLOP/s=385.90,  RSS_delta=None MiB,  theo=54.00 MiB
CuPy:   median=0.030956 s,  GFLOP/s=234.13,  speedup=0.61x,  pool_used=54.00 MiB,  pool_total=54.00 MiB,  theo=54.00 MiB

== GEMM N=2048, dtype=float64 ==
NumPy:  median=0.040656 s,  GFLOP/s=422.57,  RSS_delta=None MiB,  theo=96.00 MiB
CuPy:   median=0.076534 s,  GFLOP/s=224.47,  speedup=0.53x,  pool_used=96.00 MiB,  pool_total=96.00 MiB,  theo=96.00 MiB

== GEMM N=3072, dtype=float64 ==
NumPy:  median=0.157961 s,  GFLOP/s=367.07,  RSS_delta=None MiB,  theo=216.00 MiB
CuPy:   median=0.247362 s,  GFLOP/s=234.40,  speedup=0.64x,  pool_used=216.00 MiB,  pool_total=216.00 MiB,  theo=216.00 MiB

== GEMM N=4096, dtype=float64 ==
NumPy:  median=0.436235 s,  GFLOP/s=315.06,  RSS_delta=None MiB,  theo=384.00 MiB
CuPy:   median=0.585468 s,  GFLOP/s=234.75,  speedup=0.75x,  pool_used=384.00 MiB,  pool_total=384.00 MiB,  theo=384.00 MiB

== GEMM N=6144, dtype=float64 ==
NumPy:  median=1.400932 s,  GFLOP/s=331.11,  RSS_delta=None MiB,  theo=864.00 MiB
CuPy:   median=1.996136 s,  GFLOP/s=232.38,  speedup=0.70x,  pool_used=864.00 MiB,  pool_total=864.00 MiB,  theo=864.00 MiB

== GEMM N=8192, dtype=float64 ==
NumPy:  median=3.431405 s,  GFLOP/s=320.43,  RSS_delta=None MiB,  theo=1536.00 MiB
CuPy:   median=4.710940 s,  GFLOP/s=233.40,  speedup=0.73x,  pool_used=1536.00 MiB,  pool_total=1536.00 MiB,  theo=1536.00 MiB

Saved CSV: gemm_wenchenrog_20260101_190932.csv
Saved figures: *_time.pdf/png, *_gflops.pdf/png, *_memory.pdf/png, (and *_speedup.* if GPU).
