[RUN] 20260101_202155
Output dir: /home/wenchen/test_cupy_numpy_scipy/results/krylov_cpu_gpu_wenchenrog_20260101_202155
Python: 3.13.11 | packaged by Anaconda, Inc. | (main, Dec 10 2025, 21:28:48) [GCC 14.3.0]
Platform: Linux-6.6.87.2-microsoft-standard-WSL2-x86_64-with-glibc2.39
CPU threads setting: 4 (None = default/max)

[NumPy/SciPy]
NumPy 2.3.5
SciPy 1.16.3

[NumPy config]
{
  "Compilers": {
    "c": {
      "name": "gcc",
      "linker": "ld.bfd",
      "version": "14.3.0",
      "commands": "/home/task_176397996305634/conda-bld/numpy_and_numpy_base_1763980680623/_build_env/bin/x86_64-conda-linux-gnu-cc",
      "args": "-march=nocona, -mtune=haswell, -ftree-vectorize, -fPIC, -fstack-protector-strong, -fno-plt, -O2, -ffunction-sections, -pipe, -isystem, /home/wenchen/Libraries/miniconda3/envs/mc-gpu/include, -fdebug-prefix-map=/home/task_176397996305634/conda-bld/numpy_and_numpy_base_1763980680623/work=/usr/local/src/conda/numpy-base-2.3.5, -fdebug-prefix-map=/home/wenchen/Libraries/miniconda3/envs/mc-gpu=/usr/local/src/conda-prefix, -DNDEBUG, -D_FORTIFY_SOURCE=2, -O2, -isystem, /home/wenchen/Libraries/miniconda3/envs/mc-gpu/include",
      "linker args": "-Wl,-O2, -Wl,--sort-common, -Wl,--as-needed, -Wl,-z,relro, -Wl,-z,now, -Wl,--disable-new-dtags, -Wl,--gc-sections, -Wl,-rpath,/home/wenchen/Libraries/miniconda3/envs/mc-gpu/lib, -Wl,-rpath-link,/home/wenchen/Libraries/miniconda3/envs/mc-gpu/lib, -L/home/wenchen/Libraries/miniconda3/envs/mc-gpu/lib, -march=nocona, -mtune=haswell, -ftree-vectorize, -fPIC, -fstack-protector-strong, -fno-plt, -O2, -ffunction-sections, -pipe, -isystem, /home/wenchen/Libraries/miniconda3/envs/mc-gpu/include, -fdebug-prefix-map=/home/task_176397996305634/conda-bld/numpy_and_numpy_base_1763980680623/work=/usr/local/src/conda/numpy-base-2.3.5, -fdebug-prefix-map=/home/wenchen/Libraries/miniconda3/envs/mc-gpu=/usr/local/src/conda-prefix, -DNDEBUG, -D_FORTIFY_SOURCE=2, -O2, -isystem, /home/wenchen/Libraries/miniconda3/envs/mc-gpu/include"
    },
    "cython": {
      "name": "cython",
      "linker": "cython",
      "version": "3.1.4",
      "commands": "cython"
    },
    "c++": {
      "name": "gcc",
      "linker": "ld.bfd",
      "version": "14.3.0",
      "commands": "/home/task_176397996305634/conda-bld/numpy_and_numpy_base_1763980680623/_build_env/bin/x86_64-conda-linux-gnu-c++",
      "args": "-fvisibility-inlines-hidden, -fmessage-length=0, -march=nocona, -mtune=haswell, -ftree-vectorize, -fPIC, -fstack-protector-strong, -fno-plt, -O2, -ffunction-sections, -pipe, -isystem, /home/wenchen/Libraries/miniconda3/envs/mc-gpu/include, -fdebug-prefix-map=/home/task_176397996305634/conda-bld/numpy_and_numpy_base_1763980680623/work=/usr/local/src/conda/numpy-base-2.3.5, -fdebug-prefix-map=/home/wenchen/Libraries/miniconda3/envs/mc-gpu=/usr/local/src/conda-prefix, -DNDEBUG, -D_FORTIFY_SOURCE=2, -O2, -isystem, /home/wenchen/Libraries/miniconda3/envs/mc-gpu/include",
      "linker args": "-Wl,-O2, -Wl,--sort-common, -Wl,--as-needed, -Wl,-z,relro, -Wl,-z,now, -Wl,--disable-new-dtags, -Wl,--gc-sections, -Wl,-rpath,/home/wenchen/Libraries/miniconda3/envs/mc-gpu/lib, -Wl,-rpath-link,/home/wenchen/Libraries/miniconda3/envs/mc-gpu/lib, -L/home/wenchen/Libraries/miniconda3/envs/mc-gpu/lib, -fvisibility-inlines-hidden, -fmessage-length=0, -march=nocona, -mtune=haswell, -ftree-vectorize, -fPIC, -fstack-protector-strong, -fno-plt, -O2, -ffunction-sections, -pipe, -isystem, /home/wenchen/Libraries/miniconda3/envs/mc-gpu/include, -fdebug-prefix-map=/home/task_176397996305634/conda-bld/numpy_and_numpy_base_1763980680623/work=/usr/local/src/conda/numpy-base-2.3.5, -fdebug-prefix-map=/home/wenchen/Libraries/miniconda3/envs/mc-gpu=/usr/local/src/conda-prefix, -DNDEBUG, -D_FORTIFY_SOURCE=2, -O2, -isystem, /home/wenchen/Libraries/miniconda3/envs/mc-gpu/include"
    }
  },
  "Machine Information": {
    "host": {
      "cpu": "x86_64",
      "family": "x86_64",
      "endian": "little",
      "system": "linux"
    },
    "build": {
      "cpu": "x86_64",
      "family": "x86_64",
      "endian": "little",
      "system": "linux"
    }
  },
  "Build Dependencies": {
    "blas": {
      "name": "mkl-sdl",
      "found": true,
      "version": "2025",
      "detection method": "pkgconfig",
      "include directory": "/home/wenchen/Libraries/miniconda3/envs/mc-gpu/include",
      "lib directory": "/home/wenchen/Libraries/miniconda3/envs/mc-gpu/lib",
      "openblas configuration": "unknown",
      "pc file directory": "/home/wenchen/Libraries/miniconda3/envs/mc-gpu/lib/pkgconfig"
    },
    "lapack": {
      "name": "mkl-sdl",
      "found": true,
      "version": "2025",
      "detection method": "pkgconfig",
      "include directory": "/home/wenchen/Libraries/miniconda3/envs/mc-gpu/include",
      "lib directory": "/home/wenchen/Libraries/miniconda3/envs/mc-gpu/lib",
      "openblas configuration": "unknown",
      "pc file directory": "/home/wenchen/Libraries/miniconda3/envs/mc-gpu/lib/pkgconfig"
    }
  },
  "Python Information": {
    "path": "/home/wenchen/Libraries/miniconda3/envs/mc-gpu/bin/python",
    "version": "3.13"
  },
  "SIMD Extensions": {
    "baseline": [
      "SSE",
      "SSE2",
      "SSE3"
    ],
    "found": [
      "SSSE3",
      "SSE41",
      "POPCNT",
      "SSE42",
      "AVX",
      "F16C",
      "FMA3",
      "AVX2"
    ],
    "not found": [
      "AVX512F",
      "AVX512CD",
      "AVX512_KNL",
      "AVX512_KNM",
      "AVX512_SKX",
      "AVX512_CLX",
      "AVX512_CNL",
      "AVX512_ICL",
      "AVX512_SPR"
    ]
  }
}

[GPU]
CuPy 13.6.0
GPU: NVIDIA GeForce RTX 4060, device_id=0
VRAM: total=8.00 GiB, free=6.93 GiB
CUDA runtime version: 12040
cupyx.scipy.sparse.linalg.eigs available: False

========== FAMILY: real symmetric (eigsh) ==========

[A] scan N (k=16, tol=1e-06, density=0.01)  [per-dtype plots]

-- scan N: N=256, k=16, tol=1e-06, density=0.01, dtype=float32 --
CPU: median=0.001138 s, RSS_delta=None MiB, residual=2.792e-07
GPU: median=0.025158 s, pool_used=0.01611328125 MiB, pool_total=0.12353515625 MiB, residual=3.303e-08, speedup=0.05x

-- scan N: N=384, k=16, tol=1e-06, density=0.01, dtype=float32 --
CPU: median=0.001719 s, RSS_delta=None MiB, residual=1.762e-07
GPU: median=0.027084 s, pool_used=0.02392578125 MiB, pool_total=0.14794921875 MiB, residual=1.927e-08, speedup=0.06x

-- scan N: N=512, k=16, tol=1e-06, density=0.01, dtype=float32 --
CPU: median=0.001996 s, RSS_delta=None MiB, residual=1.096e-07
GPU: median=0.039045 s, pool_used=0.03173828125 MiB, pool_total=0.19921875 MiB, residual=2.157e-08, speedup=0.05x

-- scan N: N=768, k=16, tol=1e-06, density=0.01, dtype=float32 --
CPU: median=0.004011 s, RSS_delta=None MiB, residual=1.582e-07
GPU: median=0.037243 s, pool_used=0.04736328125 MiB, pool_total=0.28125 MiB, residual=1.754e-08, speedup=0.11x

-- scan N: N=1024, k=16, tol=1e-06, density=0.01, dtype=float32 --
CPU: median=0.006302 s, RSS_delta=None MiB, residual=1.809e-07
GPU: median=0.045671 s, pool_used=0.06298828125 MiB, pool_total=0.375 MiB, residual=1.611e-08, speedup=0.14x

-- scan N: N=1536, k=16, tol=1e-06, density=0.01, dtype=float32 --
CPU: median=0.018731 s, RSS_delta=None MiB, residual=2.279e-07
GPU: median=0.072667 s, pool_used=0.09423828125 MiB, pool_total=0.59619140625 MiB, residual=1.366e-08, speedup=0.26x

-- scan N: N=2048, k=16, tol=1e-06, density=0.01, dtype=float32 --
CPU: median=0.020178 s, RSS_delta=None MiB, residual=1.244e-07
GPU: median=0.076111 s, pool_used=0.12548828125 MiB, pool_total=0.79296875 MiB, residual=1.234e-08, speedup=0.27x

-- scan N: N=256, k=16, tol=1e-06, density=0.01, dtype=float64 --
CPU: median=0.001214 s, RSS_delta=None MiB, residual=5.461e-09
GPU: median=0.022530 s, pool_used=0.03173828125 MiB, pool_total=0.208984375 MiB, residual=1.133e-11, speedup=0.05x

-- scan N: N=384, k=16, tol=1e-06, density=0.01, dtype=float64 --
CPU: median=0.002011 s, RSS_delta=None MiB, residual=2.022e-08
GPU: median=0.039614 s, pool_used=0.04736328125 MiB, pool_total=0.28125 MiB, residual=4.081e-09, speedup=0.05x

-- scan N: N=512, k=16, tol=1e-06, density=0.01, dtype=float64 --
CPU: median=0.003508 s, RSS_delta=None MiB, residual=3.765e-09
GPU: median=0.040784 s, pool_used=0.06298828125 MiB, pool_total=0.39453125 MiB, residual=8.832e-09, speedup=0.09x

-- scan N: N=768, k=16, tol=1e-06, density=0.01, dtype=float64 --
CPU: median=0.004738 s, RSS_delta=None MiB, residual=7.560e-09
GPU: median=0.044942 s, pool_used=0.09423828125 MiB, pool_total=0.5625 MiB, residual=7.757e-09, speedup=0.11x

-- scan N: N=1024, k=16, tol=1e-06, density=0.01, dtype=float64 --
CPU: median=0.006249 s, RSS_delta=None MiB, residual=3.958e-08
GPU: median=0.049741 s, pool_used=0.12548828125 MiB, pool_total=0.75 MiB, residual=4.718e-10, speedup=0.13x

-- scan N: N=1536, k=16, tol=1e-06, density=0.01, dtype=float64 --
CPU: median=0.012684 s, RSS_delta=None MiB, residual=2.899e-08
GPU: median=0.067999 s, pool_used=0.18798828125 MiB, pool_total=1.125 MiB, residual=5.221e-09, speedup=0.19x

-- scan N: N=2048, k=16, tol=1e-06, density=0.01, dtype=float64 --
CPU: median=0.021914 s, RSS_delta=None MiB, residual=3.207e-08
GPU: median=0.079517 s, pool_used=0.25048828125 MiB, pool_total=1.25 MiB, residual=3.860e-09, speedup=0.28x

[B] scan k (N=1024, tol=1e-06, density=0.01)  [per-dtype plots]

[build matrix once] N=1024, density=0.01, dtype=float32

-- scan k: N=1024, k=2, tol=1e-06, dtype=float32 --
CPU: median=0.002211 s, RSS_delta=None MiB, residual=6.320e-08
GPU: median=0.020589 s, pool_used=0.00830078125 MiB, pool_total=0.1328125 MiB, residual=1.300e-08, speedup=0.11x

-- scan k: N=1024, k=4, tol=1e-06, dtype=float32 --
CPU: median=0.002089 s, RSS_delta=None MiB, residual=1.233e-07
GPU: median=0.027176 s, pool_used=0.01611328125 MiB, pool_total=0.140625 MiB, residual=1.238e-08, speedup=0.08x

-- scan k: N=1024, k=8, tol=1e-06, dtype=float32 --
CPU: median=0.003002 s, RSS_delta=None MiB, residual=1.586e-07
GPU: median=0.053524 s, pool_used=0.03173828125 MiB, pool_total=0.21875 MiB, residual=1.834e-08, speedup=0.06x

-- scan k: N=1024, k=16, tol=1e-06, dtype=float32 --
CPU: median=0.006461 s, RSS_delta=None MiB, residual=1.309e-07
GPU: median=0.037259 s, pool_used=0.06298828125 MiB, pool_total=0.375 MiB, residual=1.652e-08, speedup=0.17x

-- scan k: N=1024, k=32, tol=1e-06, dtype=float32 --
CPU: median=0.020268 s, RSS_delta=None MiB, residual=1.977e-07
GPU: median=0.088001 s, pool_used=0.12548828125 MiB, pool_total=0.625 MiB, residual=2.302e-08, speedup=0.23x

-- scan k: N=1024, k=48, tol=1e-06, dtype=float32 --
CPU: median=0.019554 s, RSS_delta=None MiB, residual=2.821e-07
GPU: median=0.265663 s, pool_used=0.18798828125 MiB, pool_total=0.9375 MiB, residual=1.778e-08, speedup=0.07x

-- scan k: N=1024, k=64, tol=1e-06, dtype=float32 --
CPU: median=0.042341 s, RSS_delta=None MiB, residual=2.549e-07
GPU: median=0.331936 s, pool_used=0.25048828125 MiB, pool_total=1.5 MiB, residual=1.826e-08, speedup=0.13x

[build matrix once] N=1024, density=0.01, dtype=float64

-- scan k: N=1024, k=2, tol=1e-06, dtype=float64 --
CPU: median=0.002279 s, RSS_delta=None MiB, residual=3.104e-08
GPU: median=0.026290 s, pool_used=0.01611328125 MiB, pool_total=0.34375 MiB, residual=6.770e-11, speedup=0.09x

-- scan k: N=1024, k=4, tol=1e-06, dtype=float64 --
CPU: median=0.004035 s, RSS_delta=None MiB, residual=1.029e-08
GPU: median=0.031123 s, pool_used=0.03173828125 MiB, pool_total=0.40625 MiB, residual=4.018e-09, speedup=0.13x

-- scan k: N=1024, k=8, tol=1e-06, dtype=float64 --
CPU: median=0.005486 s, RSS_delta=None MiB, residual=2.775e-08
GPU: median=0.060854 s, pool_used=0.06298828125 MiB, pool_total=0.53125 MiB, residual=4.752e-09, speedup=0.09x

-- scan k: N=1024, k=16, tol=1e-06, dtype=float64 --
CPU: median=0.012715 s, RSS_delta=None MiB, residual=4.338e-08
GPU: median=0.051102 s, pool_used=0.12548828125 MiB, pool_total=0.787109375 MiB, residual=8.806e-10, speedup=0.25x

-- scan k: N=1024, k=32, tol=1e-06, dtype=float64 --
CPU: median=0.015980 s, RSS_delta=None MiB, residual=1.350e-09
GPU: median=0.121468 s, pool_used=0.25048828125 MiB, pool_total=1.3125 MiB, residual=7.040e-09, speedup=0.13x

-- scan k: N=1024, k=48, tol=1e-06, dtype=float64 --
CPU: median=0.024193 s, RSS_delta=None MiB, residual=3.559e-08
GPU: median=0.085202 s, pool_used=0.37548828125 MiB, pool_total=1.9765625 MiB, residual=6.361e-09, speedup=0.28x

-- scan k: N=1024, k=64, tol=1e-06, dtype=float64 --
CPU: median=0.035824 s, RSS_delta=None MiB, residual=1.792e-09
GPU: median=0.096373 s, pool_used=0.50048828125 MiB, pool_total=2.65625 MiB, residual=3.696e-11, speedup=0.37x

[C] scan tol (N=1024, k=16, density=0.01)  [per-dtype plots]

[build matrix once] N=1024, density=0.01, dtype=float32

-- scan tol: N=1024, k=16, tol=0.01, dtype=float32 --
CPU: median=0.006127 s, RSS_delta=None MiB, residual=1.191e-04
GPU: median=0.043256 s, pool_used=0.06298828125 MiB, pool_total=0.375 MiB, residual=8.090e-06, speedup=0.14x

-- scan tol: N=1024, k=16, tol=0.0001, dtype=float32 --
CPU: median=0.005407 s, RSS_delta=None MiB, residual=2.093e-06
GPU: median=0.060215 s, pool_used=0.06298828125 MiB, pool_total=0.375 MiB, residual=7.759e-08, speedup=0.09x

-- scan tol: N=1024, k=16, tol=1e-06, dtype=float32 --
CPU: median=0.010270 s, RSS_delta=None MiB, residual=1.042e-07
GPU: median=0.053861 s, pool_used=0.06298828125 MiB, pool_total=0.375 MiB, residual=1.445e-08, speedup=0.19x

-- scan tol: N=1024, k=16, tol=1e-08, dtype=float32 --
CPU: median=0.008714 s, RSS_delta=None MiB, residual=1.984e-07
GPU: median=0.064876 s, pool_used=0.06298828125 MiB, pool_total=0.375 MiB, residual=1.423e-08, speedup=0.13x

[build matrix once] N=1024, density=0.01, dtype=float64

-- scan tol: N=1024, k=16, tol=0.01, dtype=float64 --
CPU: median=0.006094 s, RSS_delta=None MiB, residual=1.191e-04
GPU: median=0.042348 s, pool_used=0.12548828125 MiB, pool_total=0.625 MiB, residual=1.458e-05, speedup=0.14x

-- scan tol: N=1024, k=16, tol=0.0001, dtype=float64 --
CPU: median=0.008058 s, RSS_delta=None MiB, residual=2.086e-06
GPU: median=0.050461 s, pool_used=0.12548828125 MiB, pool_total=0.625 MiB, residual=7.369e-08, speedup=0.16x

-- scan tol: N=1024, k=16, tol=1e-06, dtype=float64 --
CPU: median=0.009179 s, RSS_delta=None MiB, residual=2.153e-08
GPU: median=0.048215 s, pool_used=0.12548828125 MiB, pool_total=0.625 MiB, residual=6.810e-09, speedup=0.19x

-- scan tol: N=1024, k=16, tol=1e-08, dtype=float64 --
CPU: median=0.013309 s, RSS_delta=None MiB, residual=4.101e-10
GPU: median=0.070715 s, pool_used=0.12548828125 MiB, pool_total=0.625 MiB, residual=5.551e-12, speedup=0.19x

========== FAMILY: general complex (eigs) ==========
NOTE: CuPyX eigs support may be unavailable depending on CuPy build/version.

[A] scan N (k=16, tol=1e-06, density=0.01)  [per-dtype plots]

-- scan N: N=128, k=16, tol=1e-06, density=0.01, dtype=complex64 --
CPU: median=0.000980 s, RSS_delta=None MiB, residual=1.361e-07
GPU: SKIPPED (cupyx.scipy.sparse.linalg.eigs not available)

-- scan N: N=192, k=16, tol=1e-06, density=0.01, dtype=complex64 --
CPU: median=0.004334 s, RSS_delta=None MiB, residual=2.747e-07
GPU: SKIPPED (cupyx.scipy.sparse.linalg.eigs not available)

-- scan N: N=256, k=16, tol=1e-06, density=0.01, dtype=complex64 --
CPU: median=0.004937 s, RSS_delta=None MiB, residual=2.187e-07
GPU: SKIPPED (cupyx.scipy.sparse.linalg.eigs not available)

-- scan N: N=384, k=16, tol=1e-06, density=0.01, dtype=complex64 --
CPU: median=0.010784 s, RSS_delta=None MiB, residual=1.960e-07
GPU: SKIPPED (cupyx.scipy.sparse.linalg.eigs not available)

-- scan N: N=512, k=16, tol=1e-06, density=0.01, dtype=complex64 --
CPU: median=0.034029 s, RSS_delta=None MiB, residual=3.643e-07
GPU: SKIPPED (cupyx.scipy.sparse.linalg.eigs not available)

-- scan N: N=768, k=16, tol=1e-06, density=0.01, dtype=complex64 --
CPU: median=0.092436 s, RSS_delta=None MiB, residual=1.193e-04
GPU: SKIPPED (cupyx.scipy.sparse.linalg.eigs not available)

-- scan N: N=1024, k=16, tol=1e-06, density=0.01, dtype=complex64 --
CPU: median=0.091520 s, RSS_delta=None MiB, residual=1.097e-05
GPU: SKIPPED (cupyx.scipy.sparse.linalg.eigs not available)

-- scan N: N=128, k=16, tol=1e-06, density=0.01, dtype=complex128 --
CPU: median=0.001871 s, RSS_delta=None MiB, residual=3.251e-16
GPU: SKIPPED (cupyx.scipy.sparse.linalg.eigs not available)

-- scan N: N=192, k=16, tol=1e-06, density=0.01, dtype=complex128 --
CPU: median=0.006789 s, RSS_delta=None MiB, residual=5.430e-08
GPU: SKIPPED (cupyx.scipy.sparse.linalg.eigs not available)

-- scan N: N=256, k=16, tol=1e-06, density=0.01, dtype=complex128 --
CPU: median=0.009087 s, RSS_delta=None MiB, residual=4.254e-08
GPU: SKIPPED (cupyx.scipy.sparse.linalg.eigs not available)

-- scan N: N=384, k=16, tol=1e-06, density=0.01, dtype=complex128 --
CPU: median=0.018418 s, RSS_delta=None MiB, residual=3.801e-08
GPU: SKIPPED (cupyx.scipy.sparse.linalg.eigs not available)

-- scan N: N=512, k=16, tol=1e-06, density=0.01, dtype=complex128 --
CPU: median=0.060419 s, RSS_delta=None MiB, residual=2.472e-08
GPU: SKIPPED (cupyx.scipy.sparse.linalg.eigs not available)

-- scan N: N=768, k=16, tol=1e-06, density=0.01, dtype=complex128 --
CPU: median=0.173141 s, RSS_delta=None MiB, residual=3.428e-08
GPU: SKIPPED (cupyx.scipy.sparse.linalg.eigs not available)

-- scan N: N=1024, k=16, tol=1e-06, density=0.01, dtype=complex128 --
CPU: median=0.142214 s, RSS_delta=None MiB, residual=3.079e-08
GPU: SKIPPED (cupyx.scipy.sparse.linalg.eigs not available)

[B] scan k (N=512, tol=1e-06, density=0.01)  [per-dtype plots]

[build matrix once] N=512, density=0.01, dtype=complex64

-- scan k: N=512, k=2, tol=1e-06, dtype=complex64 --
CPU: median=0.002252 s, RSS_delta=None MiB, residual=1.265e-07
GPU: SKIPPED (cupyx.scipy.sparse.linalg.eigs not available)

-- scan k: N=512, k=4, tol=1e-06, dtype=complex64 --
CPU: median=0.003963 s, RSS_delta=None MiB, residual=1.578e-07
GPU: SKIPPED (cupyx.scipy.sparse.linalg.eigs not available)

-- scan k: N=512, k=8, tol=1e-06, dtype=complex64 --
CPU: median=0.008285 s, RSS_delta=None MiB, residual=4.049e-07
GPU: SKIPPED (cupyx.scipy.sparse.linalg.eigs not available)

-- scan k: N=512, k=16, tol=1e-06, dtype=complex64 --
CPU: median=0.025277 s, RSS_delta=None MiB, residual=3.617e-07
GPU: SKIPPED (cupyx.scipy.sparse.linalg.eigs not available)

-- scan k: N=512, k=24, tol=1e-06, dtype=complex64 --
CPU: median=0.024031 s, RSS_delta=None MiB, residual=2.058e-07
GPU: SKIPPED (cupyx.scipy.sparse.linalg.eigs not available)

-- scan k: N=512, k=32, tol=1e-06, dtype=complex64 --
CPU: median=0.030231 s, RSS_delta=None MiB, residual=1.845e-07
GPU: SKIPPED (cupyx.scipy.sparse.linalg.eigs not available)

[build matrix once] N=512, density=0.01, dtype=complex128

-- scan k: N=512, k=2, tol=1e-06, dtype=complex128 --
CPU: median=0.002800 s, RSS_delta=None MiB, residual=1.129e-08
GPU: SKIPPED (cupyx.scipy.sparse.linalg.eigs not available)

-- scan k: N=512, k=4, tol=1e-06, dtype=complex128 --
CPU: median=0.006510 s, RSS_delta=None MiB, residual=1.149e-08
GPU: SKIPPED (cupyx.scipy.sparse.linalg.eigs not available)

-- scan k: N=512, k=8, tol=1e-06, dtype=complex128 --
CPU: median=0.010645 s, RSS_delta=None MiB, residual=4.060e-08
GPU: SKIPPED (cupyx.scipy.sparse.linalg.eigs not available)

-- scan k: N=512, k=16, tol=1e-06, dtype=complex128 --
CPU: median=0.045148 s, RSS_delta=None MiB, residual=4.063e-08
GPU: SKIPPED (cupyx.scipy.sparse.linalg.eigs not available)

-- scan k: N=512, k=24, tol=1e-06, dtype=complex128 --
CPU: median=0.035507 s, RSS_delta=None MiB, residual=3.143e-08
GPU: SKIPPED (cupyx.scipy.sparse.linalg.eigs not available)

-- scan k: N=512, k=32, tol=1e-06, dtype=complex128 --
CPU: median=0.043209 s, RSS_delta=None MiB, residual=3.219e-08
GPU: SKIPPED (cupyx.scipy.sparse.linalg.eigs not available)

[C] scan tol (N=512, k=16, density=0.01)  [per-dtype plots]

[build matrix once] N=512, density=0.01, dtype=complex64

-- scan tol: N=512, k=16, tol=0.01, dtype=complex64 --
CPU: median=0.008225 s, RSS_delta=None MiB, residual=3.739e-04
GPU: SKIPPED (cupyx.scipy.sparse.linalg.eigs not available)

-- scan tol: N=512, k=16, tol=0.0001, dtype=complex64 --
CPU: median=0.023367 s, RSS_delta=None MiB, residual=3.550e-06
GPU: SKIPPED (cupyx.scipy.sparse.linalg.eigs not available)

-- scan tol: N=512, k=16, tol=1e-06, dtype=complex64 --
CPU: median=0.028125 s, RSS_delta=None MiB, residual=1.264e-05
GPU: SKIPPED (cupyx.scipy.sparse.linalg.eigs not available)

[build matrix once] N=512, density=0.01, dtype=complex128

-- scan tol: N=512, k=16, tol=0.01, dtype=complex128 --
CPU: median=0.012581 s, RSS_delta=None MiB, residual=2.819e-04
GPU: SKIPPED (cupyx.scipy.sparse.linalg.eigs not available)

-- scan tol: N=512, k=16, tol=0.0001, dtype=complex128 --
CPU: median=0.038826 s, RSS_delta=None MiB, residual=3.865e-06
GPU: SKIPPED (cupyx.scipy.sparse.linalg.eigs not available)

-- scan tol: N=512, k=16, tol=1e-06, dtype=complex128 --
CPU: median=0.040645 s, RSS_delta=None MiB, residual=4.278e-08
GPU: SKIPPED (cupyx.scipy.sparse.linalg.eigs not available)

Saved CSV: krylov_cpu_gpu_wenchenrog_20260101_202155.csv
Saved figures: *_time.pdf/png and *_speedup.pdf/png under output directory.
